d:\my_projects\c++\projects\terminalfilemanager\terminalfilemanager\x64\debug\vc143.pdb
d:\my_projects\c++\projects\terminalfilemanager\terminalfilemanager\x64\debug\vc143.idb
d:\my_projects\c++\projects\terminalfilemanager\terminalfilemanager\x64\debug\ui_controler.obj
d:\my_projects\c++\projects\terminalfilemanager\terminalfilemanager\x64\debug\mystr.obj
d:\my_projects\c++\projects\terminalfilemanager\terminalfilemanager\x64\debug\main.obj
d:\my_projects\c++\projects\terminalfilemanager\terminalfilemanager\x64\debug\keyb_controler.obj
d:\my_projects\c++\projects\terminalfilemanager\terminalfilemanager\x64\debug\filesystem.obj
d:\my_projects\c++\projects\terminalfilemanager\terminalfilemanager\x64\debug\app.obj
d:\my_projects\c++\projects\terminalfilemanager\terminalfilemanager\x64\debug\terminalfilemanager.ilk
d:\my_projects\c++\projects\terminalfilemanager\x64\debug\terminalfilemanager.pdb
d:\my_projects\c++\projects\terminalfilemanager\terminalfilemanager\x64\debug\terminal.a2730454.tlog\cl.command.1.tlog
d:\my_projects\c++\projects\terminalfilemanager\terminalfilemanager\x64\debug\terminal.a2730454.tlog\cl.items.tlog
d:\my_projects\c++\projects\terminalfilemanager\terminalfilemanager\x64\debug\terminal.a2730454.tlog\cl.read.1.tlog
d:\my_projects\c++\projects\terminalfilemanager\terminalfilemanager\x64\debug\terminal.a2730454.tlog\cl.write.1.tlog
d:\my_projects\c++\projects\terminalfilemanager\terminalfilemanager\x64\debug\terminal.a2730454.tlog\link.19792-cvtres.read.1.tlog
d:\my_projects\c++\projects\terminalfilemanager\terminalfilemanager\x64\debug\terminal.a2730454.tlog\link.19792-cvtres.write.1.tlog
d:\my_projects\c++\projects\terminalfilemanager\terminalfilemanager\x64\debug\terminal.a2730454.tlog\link.19792-rc.read.1.tlog
d:\my_projects\c++\projects\terminalfilemanager\terminalfilemanager\x64\debug\terminal.a2730454.tlog\link.19792-rc.write.1.tlog
d:\my_projects\c++\projects\terminalfilemanager\terminalfilemanager\x64\debug\terminal.a2730454.tlog\link.19792.read.1.tlog
d:\my_projects\c++\projects\terminalfilemanager\terminalfilemanager\x64\debug\terminal.a2730454.tlog\link.19792.read.2.tlog
d:\my_projects\c++\projects\terminalfilemanager\terminalfilemanager\x64\debug\terminal.a2730454.tlog\link.19792.write.1.tlog
d:\my_projects\c++\projects\terminalfilemanager\terminalfilemanager\x64\debug\terminal.a2730454.tlog\link.command.1.tlog
d:\my_projects\c++\projects\terminalfilemanager\terminalfilemanager\x64\debug\terminal.a2730454.tlog\link.read.1.tlog
d:\my_projects\c++\projects\terminalfilemanager\terminalfilemanager\x64\debug\terminal.a2730454.tlog\link.secondary.1.tlog
d:\my_projects\c++\projects\terminalfilemanager\terminalfilemanager\x64\debug\terminal.a2730454.tlog\link.write.1.tlog
